<?xml version="1.0" encoding="UTF-8" ?>
<testsuite failures="0" time="0.418" errors="0" skipped="0" tests="3" name="com.mitchell.services.core.partialloss.apddelivery.unittest.AlertDeliveryRCWebUnitTest">
  <properties>
[...]
</properties>
  <testcase time="0.414" classname="com.mitchell.services.core.partialloss.apddelivery.unittest.AlertDeliveryRCWebUnitTest" name="When_deliverArtifact_is_called_it_should_call_DaytonaDeliveryHandler_if_Endpoint_is_RCWEb1_True"/>
  <testcase time="0.003" classname="com.mitchell.services.core.partialloss.apddelivery.unittest.AlertDeliveryRCWebUnitTest" name="When_deliverArtifact_is_called_it_should_call_DaytonaDeliveryHandler_if_Endpoint_is_RCWEb1_False"/>
  <testcase time="0.001" classname="com.mitchell.services.core.partialloss.apddelivery.unittest.AlertDeliveryRCWebUnitTest" name="When_deliverArtifact_is_called_it_should_call_DaytonaDeliveryHandler_if_Endpoint_is_RCWEb"/>
</testsuite>